# JRE version: OpenJDK Runtime Environment (8.0_144-b01) (build 1.8.0_144-b01)
# Java VM: OpenJDK 64-Bit Server VM (25.144-b01 mixed mode linux-amd64 compressed oops)
Heap:
 PSYoungGen      total 267264K, used 161533K [0x00000000d7780000, 0x00000000ed080000, 0x0000000100000000)
  eden space 248320K, 57% used [0x00000000d7780000,0x00000000e02c02c0,0x00000000e6a00000)
  from space 18944K, 99% used [0x00000000e6a00000,0x00000000e7c7f368,0x00000000e7c80000)
  to   space 22016K, 0% used [0x00000000ebb00000,0x00000000ebb00000,0x00000000ed080000)
 ParOldGen       total 90624K, used 22867K [0x0000000086600000, 0x000000008be80000, 0x00000000d7780000)
  object space 90624K, 25% used [0x0000000086600000,0x0000000087c54c88,0x000000008be80000)
 Metaspace       used 50322K, capacity 51052K, committed 51368K, reserved 1093632K
  class space    used 6329K, capacity 6521K, committed 6576K, reserved 1048576K
GC Heap History (10 events):
Event: 5,662 GC heap before
{Heap before GC invocations=9 (full 1):
 PSYoungGen      total 134144K, used 134116K [0x00000000d7780000, 0x00000000e4a00000, 0x0000000100000000)
  eden space 124416K, 100% used [0x00000000d7780000,0x00000000df100000,0x00000000df100000)
  from space 9728K, 99% used [0x00000000df100000,0x00000000dfa792b8,0x00000000dfa80000)
  to   space 12288K, 0% used [0x00000000e3e00000,0x00000000e3e00000,0x00000000e4a00000)
 ParOldGen       total 56320K, used 10741K [0x0000000086600000, 0x0000000089d00000, 0x00000000d7780000)
  object space 56320K, 19% used [0x0000000086600000,0x000000008707d488,0x0000000089d00000)
 Metaspace       used 32287K, capacity 32896K, committed 33328K, reserved 1079296K
  class space    used 3881K, capacity 4064K, committed 4144K, reserved 1048576K
Event: 5,682 GC heap after
Heap after GC invocations=9 (full 1):
 PSYoungGen      total 200192K, used 12280K [0x00000000d7780000, 0x00000000e4e00000, 0x0000000100000000)
  eden space 187904K, 0% used [0x00000000d7780000,0x00000000d7780000,0x00000000e2f00000)
  from space 12288K, 99% used [0x00000000e3e00000,0x00000000e49fe1a8,0x00000000e4a00000)
  to   space 15360K, 0% used [0x00000000e2f00000,0x00000000e2f00000,0x00000000e3e00000)
 ParOldGen       total 56320K, used 13828K [0x0000000086600000, 0x0000000089d00000, 0x00000000d7780000)
  object space 56320K, 24% used [0x0000000086600000,0x00000000873813e0,0x0000000089d00000)
 Metaspace       used 32287K, capacity 32896K, committed 33328K, reserved 1079296K
  class space    used 3881K, capacity 4064K, committed 4144K, reserved 1048576K
}
Event: 5,981 GC heap before
{Heap before GC invocations=10 (full 1):
 PSYoungGen      total 200192K, used 47838K [0x00000000d7780000, 0x00000000e4e00000, 0x0000000100000000)
  eden space 187904K, 18% used [0x00000000d7780000,0x00000000d9a39910,0x00000000e2f00000)
  from space 12288K, 99% used [0x00000000e3e00000,0x00000000e49fe1a8,0x00000000e4a00000)
  to   space 15360K, 0% used [0x00000000e2f00000,0x00000000e2f00000,0x00000000e3e00000)
 ParOldGen       total 56320K, used 13828K [0x0000000086600000, 0x0000000089d00000, 0x00000000d7780000)
  object space 56320K, 24% used [0x0000000086600000,0x00000000873813e0,0x0000000089d00000)
 Metaspace       used 34598K, capacity 35142K, committed 35496K, reserved 1081344K
  class space    used 4280K, capacity 4449K, committed 4528K, reserved 1048576K
Event: 6,000 GC heap after
Heap after GC invocations=10 (full 1):
 PSYoungGen      total 203264K, used 15259K [0x00000000d7780000, 0x00000000e9100000, 0x0000000100000000)
  eden space 187904K, 0% used [0x00000000d7780000,0x00000000d7780000,0x00000000e2f00000)
  from space 15360K, 99% used [0x00000000e2f00000,0x00000000e3de6e90,0x00000000e3e00000)
  to   space 17408K, 0% used [0x00000000e8000000,0x00000000e8000000,0x00000000e9100000)
 ParOldGen       total 56320K, used 13836K [0x0000000086600000, 0x0000000089d00000, 0x00000000d7780000)
  object space 56320K, 24% used [0x0000000086600000,0x00000000873833e0,0x0000000089d00000)
 Metaspace       used 34598K, capacity 35142K, committed 35496K, reserved 1081344K
  class space    used 4280K, capacity 4449K, committed 4528K, reserved 1048576K
}
Event: 6,000 GC heap before
{Heap before GC invocations=11 (full 2):
 PSYoungGen      total 203264K, used 15259K [0x00000000d7780000, 0x00000000e9100000, 0x0000000100000000)
  eden space 187904K, 0% used [0x00000000d7780000,0x00000000d7780000,0x00000000e2f00000)
  from space 15360K, 99% used [0x00000000e2f00000,0x00000000e3de6e90,0x00000000e3e00000)
  to   space 17408K, 0% used [0x00000000e8000000,0x00000000e8000000,0x00000000e9100000)
 ParOldGen       total 56320K, used 13836K [0x0000000086600000, 0x0000000089d00000, 0x00000000d7780000)
  object space 56320K, 24% used [0x0000000086600000,0x00000000873833e0,0x0000000089d00000)
 Metaspace       used 34598K, capacity 35142K, committed 35496K, reserved 1081344K
  class space    used 4280K, capacity 4449K, committed 4528K, reserved 1048576K
Event: 6,085 GC heap after
Heap after GC invocations=11 (full 2):
 PSYoungGen      total 203264K, used 0K [0x00000000d7780000, 0x00000000e9100000, 0x0000000100000000)
  eden space 187904K, 0% used [0x00000000d7780000,0x00000000d7780000,0x00000000e2f00000)
  from space 15360K, 0% used [0x00000000e2f00000,0x00000000e2f00000,0x00000000e3e00000)
  to   space 17408K, 0% used [0x00000000e8000000,0x00000000e8000000,0x00000000e9100000)
 ParOldGen       total 90624K, used 21898K [0x0000000086600000, 0x000000008be80000, 0x00000000d7780000)
  object space 90624K, 24% used [0x0000000086600000,0x0000000087b62a70,0x000000008be80000)
 Metaspace       used 34598K, capacity 35142K, committed 35496K, reserved 1081344K
  class space    used 4280K, capacity 4449K, committed 4528K, reserved 1048576K
}
Event: 8,155 GC heap before
{Heap before GC invocations=12 (full 2):
 PSYoungGen      total 203264K, used 187904K [0x00000000d7780000, 0x00000000e9100000, 0x0000000100000000)
  eden space 187904K, 100% used [0x00000000d7780000,0x00000000e2f00000,0x00000000e2f00000)
  from space 15360K, 0% used [0x00000000e2f00000,0x00000000e2f00000,0x00000000e3e00000)
  to   space 17408K, 0% used [0x00000000e8000000,0x00000000e8000000,0x00000000e9100000)
 ParOldGen       total 90624K, used 21898K [0x0000000086600000, 0x000000008be80000, 0x00000000d7780000)
  object space 90624K, 24% used [0x0000000086600000,0x0000000087b62a70,0x000000008be80000)
 Metaspace       used 42949K, capacity 43604K, committed 43944K, reserved 1087488K
  class space    used 5394K, capacity 5550K, committed 5552K, reserved 1048576K
Event: 8,179 GC heap after
Heap after GC invocations=12 (full 2):
 PSYoungGen      total 260608K, used 14964K [0x00000000d7780000, 0x00000000e8f00000, 0x0000000100000000)
  eden space 245248K, 0% used [0x00000000d7780000,0x00000000d7780000,0x00000000e6700000)
  from space 15360K, 97% used [0x00000000e8000000,0x00000000e8e9d2a8,0x00000000e8f00000)
  to   space 18944K, 0% used [0x00000000e6a00000,0x00000000e6a00000,0x00000000e7c80000)
 ParOldGen       total 90624K, used 21906K [0x0000000086600000, 0x000000008be80000, 0x00000000d7780000)
  object space 90624K, 24% used [0x0000000086600000,0x0000000087b64a70,0x000000008be80000)
 Metaspace       used 42949K, capacity 43604K, committed 43944K, reserved 1087488K
  class space    used 5394K, capacity 5550K, committed 5552K, reserved 1048576K
}
Event: 159,229 GC heap before
{Heap before GC invocations=13 (full 2):
 PSYoungGen      total 260608K, used 260212K [0x00000000d7780000, 0x00000000e8f00000, 0x0000000100000000)
  eden space 245248K, 100% used [0x00000000d7780000,0x00000000e6700000,0x00000000e6700000)
  from space 15360K, 97% used [0x00000000e8000000,0x00000000e8e9d2a8,0x00000000e8f00000)
  to   space 18944K, 0% used [0x00000000e6a00000,0x00000000e6a00000,0x00000000e7c80000)
 ParOldGen       total 90624K, used 21906K [0x0000000086600000, 0x000000008be80000, 0x00000000d7780000)
  object space 90624K, 24% used [0x0000000086600000,0x0000000087b64a70,0x000000008be80000)
 Metaspace       used 50263K, capacity 50962K, committed 51368K, reserved 1093632K
  class space    used 6320K, capacity 6506K, committed 6576K, reserved 1048576K
Event: 159,262 GC heap after
Heap after GC invocations=13 (full 2):
 PSYoungGen      total 267264K, used 18940K [0x00000000d7780000, 0x00000000ed080000, 0x0000000100000000)
  eden space 248320K, 0% used [0x00000000d7780000,0x00000000d7780000,0x00000000e6a00000)
  from space 18944K, 99% used [0x00000000e6a00000,0x00000000e7c7f368,0x00000000e7c80000)
  to   space 22016K, 0% used [0x00000000ebb00000,0x00000000ebb00000,0x00000000ed080000)
 ParOldGen       total 90624K, used 22867K [0x0000000086600000, 0x000000008be80000, 0x00000000d7780000)
  object space 90624K, 25% used [0x0000000086600000,0x0000000087c54c88,0x000000008be80000)
 Metaspace       used 50263K, capacity 50962K, committed 51368K, reserved 1093632K
  class space    used 6320K, capacity 6506K, committed 6576K, reserved 1048576K
}

